running egg_info
creating ../../build/f1tenth_gym_ros/f1tenth_gym_ros.egg-info
writing ../../build/f1tenth_gym_ros/f1tenth_gym_ros.egg-info/PKG-INFO
writing dependency_links to ../../build/f1tenth_gym_ros/f1tenth_gym_ros.egg-info/dependency_links.txt
writing entry points to ../../build/f1tenth_gym_ros/f1tenth_gym_ros.egg-info/entry_points.txt
writing requirements to ../../build/f1tenth_gym_ros/f1tenth_gym_ros.egg-info/requires.txt
writing top-level names to ../../build/f1tenth_gym_ros/f1tenth_gym_ros.egg-info/top_level.txt
writing manifest file '../../build/f1tenth_gym_ros/f1tenth_gym_ros.egg-info/SOURCES.txt'
reading manifest file '../../build/f1tenth_gym_ros/f1tenth_gym_ros.egg-info/SOURCES.txt'
adding license file 'LICENSE'
writing manifest file '../../build/f1tenth_gym_ros/f1tenth_gym_ros.egg-info/SOURCES.txt'
running build
running build_py
creating /f1tenth_splatnav/ros2_ws/build/f1tenth_gym_ros/build
creating /f1tenth_splatnav/ros2_ws/build/f1tenth_gym_ros/build/lib
creating /f1tenth_splatnav/ros2_ws/build/f1tenth_gym_ros/build/lib/f1tenth_gym_ros
copying f1tenth_gym_ros/gym_bridge.py -> /f1tenth_splatnav/ros2_ws/build/f1tenth_gym_ros/build/lib/f1tenth_gym_ros
copying f1tenth_gym_ros/__init__.py -> /f1tenth_splatnav/ros2_ws/build/f1tenth_gym_ros/build/lib/f1tenth_gym_ros
running install
running install_lib
creating /f1tenth_splatnav/ros2_ws/install/f1tenth_gym_ros/lib/python3.10/site-packages/f1tenth_gym_ros
copying /f1tenth_splatnav/ros2_ws/build/f1tenth_gym_ros/build/lib/f1tenth_gym_ros/gym_bridge.py -> /f1tenth_splatnav/ros2_ws/install/f1tenth_gym_ros/lib/python3.10/site-packages/f1tenth_gym_ros
copying /f1tenth_splatnav/ros2_ws/build/f1tenth_gym_ros/build/lib/f1tenth_gym_ros/__init__.py -> /f1tenth_splatnav/ros2_ws/install/f1tenth_gym_ros/lib/python3.10/site-packages/f1tenth_gym_ros
byte-compiling /f1tenth_splatnav/ros2_ws/install/f1tenth_gym_ros/lib/python3.10/site-packages/f1tenth_gym_ros/gym_bridge.py to gym_bridge.cpython-310.pyc
byte-compiling /f1tenth_splatnav/ros2_ws/install/f1tenth_gym_ros/lib/python3.10/site-packages/f1tenth_gym_ros/__init__.py to __init__.cpython-310.pyc
running install_data
creating /f1tenth_splatnav/ros2_ws/install/f1tenth_gym_ros/share/ament_index
creating /f1tenth_splatnav/ros2_ws/install/f1tenth_gym_ros/share/ament_index/resource_index
creating /f1tenth_splatnav/ros2_ws/install/f1tenth_gym_ros/share/ament_index/resource_index/packages
copying resource/f1tenth_gym_ros -> /f1tenth_splatnav/ros2_ws/install/f1tenth_gym_ros/share/ament_index/resource_index/packages
copying package.xml -> /f1tenth_splatnav/ros2_ws/install/f1tenth_gym_ros/share/f1tenth_gym_ros
creating /f1tenth_splatnav/ros2_ws/install/f1tenth_gym_ros/share/f1tenth_gym_ros/launch
copying launch/gym_bridge_launch.py -> /f1tenth_splatnav/ros2_ws/install/f1tenth_gym_ros/share/f1tenth_gym_ros/launch
copying launch/opp_racecar.xacro -> /f1tenth_splatnav/ros2_ws/install/f1tenth_gym_ros/share/f1tenth_gym_ros/launch
copying launch/ego_racecar_fullscale.xacro -> /f1tenth_splatnav/ros2_ws/install/f1tenth_gym_ros/share/f1tenth_gym_ros/launch
copying launch/ego_racecar.xacro -> /f1tenth_splatnav/ros2_ws/install/f1tenth_gym_ros/share/f1tenth_gym_ros/launch
copying launch/ego_racecar_f1fifth.xacro -> /f1tenth_splatnav/ros2_ws/install/f1tenth_gym_ros/share/f1tenth_gym_ros/launch
copying launch/gym_bridge.rviz -> /f1tenth_splatnav/ros2_ws/install/f1tenth_gym_ros/share/f1tenth_gym_ros/launch
creating /f1tenth_splatnav/ros2_ws/install/f1tenth_gym_ros/share/f1tenth_gym_ros/config
copying config/sim.yaml -> /f1tenth_splatnav/ros2_ws/install/f1tenth_gym_ros/share/f1tenth_gym_ros/config
running install_egg_info
Copying ../../build/f1tenth_gym_ros/f1tenth_gym_ros.egg-info to /f1tenth_splatnav/ros2_ws/install/f1tenth_gym_ros/lib/python3.10/site-packages/f1tenth_gym_ros-0.0.0-py3.10.egg-info
running install_scripts
Installing gym_bridge script to /f1tenth_splatnav/ros2_ws/install/f1tenth_gym_ros/lib/f1tenth_gym_ros
writing list of installed files to '/f1tenth_splatnav/ros2_ws/build/f1tenth_gym_ros/install.log'
