[0.583s] Invoking command in '/f1tenth_splatnav/ros2_ws/src/final_project': PYTHONPATH=/f1tenth_splatnav/ros2_ws/build/final_project/prefix_override:/usr/lib/python3/dist-packages/colcon_core/task/python/colcon_distutils_commands:/f1tenth_splatnav/ros2_ws/install/final_project/lib/python3.10/site-packages:${PYTHONPATH} /usr/bin/python3 -W ignore:setup.py install is deprecated -W ignore:easy_install command is deprecated setup.py egg_info --egg-base ../../build/final_project build --build-base /f1tenth_splatnav/ros2_ws/build/final_project/build install --record /f1tenth_splatnav/ros2_ws/build/final_project/install.log --single-version-externally-managed install_data
[0.708s] running egg_info
[0.708s] creating ../../build/final_project/final_project.egg-info
[0.715s] writing ../../build/final_project/final_project.egg-info/PKG-INFO
[0.716s] writing dependency_links to ../../build/final_project/final_project.egg-info/dependency_links.txt
[0.716s] writing entry points to ../../build/final_project/final_project.egg-info/entry_points.txt
[0.716s] writing requirements to ../../build/final_project/final_project.egg-info/requires.txt
[0.716s] writing top-level names to ../../build/final_project/final_project.egg-info/top_level.txt
[0.716s] writing manifest file '../../build/final_project/final_project.egg-info/SOURCES.txt'
[0.731s] reading manifest file '../../build/final_project/final_project.egg-info/SOURCES.txt'
[0.732s] writing manifest file '../../build/final_project/final_project.egg-info/SOURCES.txt'
[0.732s] running build
[0.732s] running build_py
[0.732s] creating /f1tenth_splatnav/ros2_ws/build/final_project/build
[0.732s] creating /f1tenth_splatnav/ros2_ws/build/final_project/build/lib
[0.732s] copying scripts/publish_pcl.py -> /f1tenth_splatnav/ros2_ws/build/final_project/build/lib
[0.732s] running install
[0.734s] running install_lib
[0.742s] copying /f1tenth_splatnav/ros2_ws/build/final_project/build/lib/publish_pcl.py -> /f1tenth_splatnav/ros2_ws/install/final_project/lib/python3.10/site-packages
[0.742s] byte-compiling /f1tenth_splatnav/ros2_ws/install/final_project/lib/python3.10/site-packages/publish_pcl.py to publish_pcl.cpython-310.pyc
[0.743s] running install_data
[0.743s] creating /f1tenth_splatnav/ros2_ws/install/final_project/share/ament_index
[0.743s] creating /f1tenth_splatnav/ros2_ws/install/final_project/share/ament_index/resource_index
[0.743s] creating /f1tenth_splatnav/ros2_ws/install/final_project/share/ament_index/resource_index/packages
[0.743s] copying resource/final_project -> /f1tenth_splatnav/ros2_ws/install/final_project/share/ament_index/resource_index/packages
[0.743s] copying package.xml -> /f1tenth_splatnav/ros2_ws/install/final_project/share/final_project
[0.743s] running install_egg_info
[0.751s] Copying ../../build/final_project/final_project.egg-info to /f1tenth_splatnav/ros2_ws/install/final_project/lib/python3.10/site-packages/final_project-0.0.0-py3.10.egg-info
[0.752s] running install_scripts
[0.817s] Installing publish_pcl script to /f1tenth_splatnav/ros2_ws/install/final_project/lib/final_project
[0.817s] writing list of installed files to '/f1tenth_splatnav/ros2_ws/build/final_project/install.log'
[0.831s] Invoked command in '/f1tenth_splatnav/ros2_ws/src/final_project' returned '0': PYTHONPATH=/f1tenth_splatnav/ros2_ws/build/final_project/prefix_override:/usr/lib/python3/dist-packages/colcon_core/task/python/colcon_distutils_commands:/f1tenth_splatnav/ros2_ws/install/final_project/lib/python3.10/site-packages:${PYTHONPATH} /usr/bin/python3 -W ignore:setup.py install is deprecated -W ignore:easy_install command is deprecated setup.py egg_info --egg-base ../../build/final_project build --build-base /f1tenth_splatnav/ros2_ws/build/final_project/build install --record /f1tenth_splatnav/ros2_ws/build/final_project/install.log --single-version-externally-managed install_data
