[0.581s] Invoking command in '/f1tenth_splatnav/ros2_ws/src/f1tenth_gym_ros': PYTHONPATH=/f1tenth_splatnav/ros2_ws/build/f1tenth_gym_ros/prefix_override:/usr/lib/python3/dist-packages/colcon_core/task/python/colcon_distutils_commands:/f1tenth_splatnav/ros2_ws/install/f1tenth_gym_ros/lib/python3.10/site-packages:${PYTHONPATH} /usr/bin/python3 -W ignore:setup.py install is deprecated -W ignore:easy_install command is deprecated setup.py egg_info --egg-base ../../build/f1tenth_gym_ros build --build-base /f1tenth_splatnav/ros2_ws/build/f1tenth_gym_ros/build install --record /f1tenth_splatnav/ros2_ws/build/f1tenth_gym_ros/install.log --single-version-externally-managed install_data
[0.736s] running egg_info
[0.745s] writing ../../build/f1tenth_gym_ros/f1tenth_gym_ros.egg-info/PKG-INFO
[0.745s] writing dependency_links to ../../build/f1tenth_gym_ros/f1tenth_gym_ros.egg-info/dependency_links.txt
[0.745s] writing entry points to ../../build/f1tenth_gym_ros/f1tenth_gym_ros.egg-info/entry_points.txt
[0.746s] writing requirements to ../../build/f1tenth_gym_ros/f1tenth_gym_ros.egg-info/requires.txt
[0.746s] writing top-level names to ../../build/f1tenth_gym_ros/f1tenth_gym_ros.egg-info/top_level.txt
[0.764s] reading manifest file '../../build/f1tenth_gym_ros/f1tenth_gym_ros.egg-info/SOURCES.txt'
[0.764s] adding license file 'LICENSE'
[0.765s] writing manifest file '../../build/f1tenth_gym_ros/f1tenth_gym_ros.egg-info/SOURCES.txt'
[0.765s] running build
[0.765s] running build_py
[0.765s] copying f1tenth_gym_ros/gym_bridge.py -> /f1tenth_splatnav/ros2_ws/build/f1tenth_gym_ros/build/lib/f1tenth_gym_ros
[0.765s] copying f1tenth_gym_ros/__init__.py -> /f1tenth_splatnav/ros2_ws/build/f1tenth_gym_ros/build/lib/f1tenth_gym_ros
[0.765s] running install
[0.768s] running install_lib
[0.778s] running install_data
[0.778s] copying resource/f1tenth_gym_ros -> /f1tenth_splatnav/ros2_ws/install/f1tenth_gym_ros/share/ament_index/resource_index/packages
[0.778s] copying package.xml -> /f1tenth_splatnav/ros2_ws/install/f1tenth_gym_ros/share/f1tenth_gym_ros
[0.778s] copying launch/gym_bridge_launch.py -> /f1tenth_splatnav/ros2_ws/install/f1tenth_gym_ros/share/f1tenth_gym_ros/launch
[0.778s] copying launch/opp_racecar.xacro -> /f1tenth_splatnav/ros2_ws/install/f1tenth_gym_ros/share/f1tenth_gym_ros/launch
[0.778s] copying launch/ego_racecar_fullscale.xacro -> /f1tenth_splatnav/ros2_ws/install/f1tenth_gym_ros/share/f1tenth_gym_ros/launch
[0.778s] copying launch/ego_racecar.xacro -> /f1tenth_splatnav/ros2_ws/install/f1tenth_gym_ros/share/f1tenth_gym_ros/launch
[0.779s] copying launch/ego_racecar_f1fifth.xacro -> /f1tenth_splatnav/ros2_ws/install/f1tenth_gym_ros/share/f1tenth_gym_ros/launch
[0.779s] copying launch/gym_bridge.rviz -> /f1tenth_splatnav/ros2_ws/install/f1tenth_gym_ros/share/f1tenth_gym_ros/launch
[0.779s] copying config/sim.yaml -> /f1tenth_splatnav/ros2_ws/install/f1tenth_gym_ros/share/f1tenth_gym_ros/config
[0.779s] running install_egg_info
[0.789s] removing '/f1tenth_splatnav/ros2_ws/install/f1tenth_gym_ros/lib/python3.10/site-packages/f1tenth_gym_ros-0.0.0-py3.10.egg-info' (and everything under it)
[0.789s] Copying ../../build/f1tenth_gym_ros/f1tenth_gym_ros.egg-info to /f1tenth_splatnav/ros2_ws/install/f1tenth_gym_ros/lib/python3.10/site-packages/f1tenth_gym_ros-0.0.0-py3.10.egg-info
[0.789s] running install_scripts
[0.869s] Installing gym_bridge script to /f1tenth_splatnav/ros2_ws/install/f1tenth_gym_ros/lib/f1tenth_gym_ros
[0.869s] writing list of installed files to '/f1tenth_splatnav/ros2_ws/build/f1tenth_gym_ros/install.log'
[0.884s] Invoked command in '/f1tenth_splatnav/ros2_ws/src/f1tenth_gym_ros' returned '0': PYTHONPATH=/f1tenth_splatnav/ros2_ws/build/f1tenth_gym_ros/prefix_override:/usr/lib/python3/dist-packages/colcon_core/task/python/colcon_distutils_commands:/f1tenth_splatnav/ros2_ws/install/f1tenth_gym_ros/lib/python3.10/site-packages:${PYTHONPATH} /usr/bin/python3 -W ignore:setup.py install is deprecated -W ignore:easy_install command is deprecated setup.py egg_info --egg-base ../../build/f1tenth_gym_ros build --build-base /f1tenth_splatnav/ros2_ws/build/f1tenth_gym_ros/build install --record /f1tenth_splatnav/ros2_ws/build/f1tenth_gym_ros/install.log --single-version-externally-managed install_data
