[0.525s] Invoking command in '/f1tenth_splatnav/ros2_ws/src/f1tenth_gym_ros': PYTHONPATH=/f1tenth_splatnav/ros2_ws/build/f1tenth_gym_ros/prefix_override:/usr/lib/python3/dist-packages/colcon_core/task/python/colcon_distutils_commands:/f1tenth_splatnav/ros2_ws/install/f1tenth_gym_ros/lib/python3.10/site-packages:${PYTHONPATH} /usr/bin/python3 -W ignore:setup.py install is deprecated -W ignore:easy_install command is deprecated setup.py egg_info --egg-base ../../build/f1tenth_gym_ros build --build-base /f1tenth_splatnav/ros2_ws/build/f1tenth_gym_ros/build install --record /f1tenth_splatnav/ros2_ws/build/f1tenth_gym_ros/install.log --single-version-externally-managed install_data
[0.656s] running egg_info
[0.664s] writing ../../build/f1tenth_gym_ros/f1tenth_gym_ros.egg-info/PKG-INFO
[0.664s] writing dependency_links to ../../build/f1tenth_gym_ros/f1tenth_gym_ros.egg-info/dependency_links.txt
[0.664s] writing entry points to ../../build/f1tenth_gym_ros/f1tenth_gym_ros.egg-info/entry_points.txt
[0.664s] writing requirements to ../../build/f1tenth_gym_ros/f1tenth_gym_ros.egg-info/requires.txt
[0.664s] writing top-level names to ../../build/f1tenth_gym_ros/f1tenth_gym_ros.egg-info/top_level.txt
[0.680s] reading manifest file '../../build/f1tenth_gym_ros/f1tenth_gym_ros.egg-info/SOURCES.txt'
[0.680s] adding license file 'LICENSE'
[0.681s] writing manifest file '../../build/f1tenth_gym_ros/f1tenth_gym_ros.egg-info/SOURCES.txt'
[0.681s] running build
[0.681s] running build_py
[0.681s] copying f1tenth_gym_ros/gym_bridge.py -> /f1tenth_splatnav/ros2_ws/build/f1tenth_gym_ros/build/lib/f1tenth_gym_ros
[0.681s] copying f1tenth_gym_ros/__init__.py -> /f1tenth_splatnav/ros2_ws/build/f1tenth_gym_ros/build/lib/f1tenth_gym_ros
[0.681s] running install
[0.684s] running install_lib
[0.693s] running install_data
[0.693s] copying resource/f1tenth_gym_ros -> /f1tenth_splatnav/ros2_ws/install/f1tenth_gym_ros/share/ament_index/resource_index/packages
[0.693s] copying package.xml -> /f1tenth_splatnav/ros2_ws/install/f1tenth_gym_ros/share/f1tenth_gym_ros
[0.693s] copying launch/gym_bridge_launch.py -> /f1tenth_splatnav/ros2_ws/install/f1tenth_gym_ros/share/f1tenth_gym_ros/launch
[0.693s] copying launch/opp_racecar.xacro -> /f1tenth_splatnav/ros2_ws/install/f1tenth_gym_ros/share/f1tenth_gym_ros/launch
[0.693s] copying launch/ego_racecar_fullscale.xacro -> /f1tenth_splatnav/ros2_ws/install/f1tenth_gym_ros/share/f1tenth_gym_ros/launch
[0.693s] copying launch/ego_racecar.xacro -> /f1tenth_splatnav/ros2_ws/install/f1tenth_gym_ros/share/f1tenth_gym_ros/launch
[0.693s] copying launch/ego_racecar_f1fifth.xacro -> /f1tenth_splatnav/ros2_ws/install/f1tenth_gym_ros/share/f1tenth_gym_ros/launch
[0.693s] copying launch/gym_bridge.rviz -> /f1tenth_splatnav/ros2_ws/install/f1tenth_gym_ros/share/f1tenth_gym_ros/launch
[0.693s] copying config/sim.yaml -> /f1tenth_splatnav/ros2_ws/install/f1tenth_gym_ros/share/f1tenth_gym_ros/config
[0.693s] running install_egg_info
[0.702s] removing '/f1tenth_splatnav/ros2_ws/install/f1tenth_gym_ros/lib/python3.10/site-packages/f1tenth_gym_ros-0.0.0-py3.10.egg-info' (and everything under it)
[0.703s] Copying ../../build/f1tenth_gym_ros/f1tenth_gym_ros.egg-info to /f1tenth_splatnav/ros2_ws/install/f1tenth_gym_ros/lib/python3.10/site-packages/f1tenth_gym_ros-0.0.0-py3.10.egg-info
[0.703s] running install_scripts
[0.773s] Installing gym_bridge script to /f1tenth_splatnav/ros2_ws/install/f1tenth_gym_ros/lib/f1tenth_gym_ros
[0.773s] writing list of installed files to '/f1tenth_splatnav/ros2_ws/build/f1tenth_gym_ros/install.log'
[0.789s] Invoked command in '/f1tenth_splatnav/ros2_ws/src/f1tenth_gym_ros' returned '0': PYTHONPATH=/f1tenth_splatnav/ros2_ws/build/f1tenth_gym_ros/prefix_override:/usr/lib/python3/dist-packages/colcon_core/task/python/colcon_distutils_commands:/f1tenth_splatnav/ros2_ws/install/f1tenth_gym_ros/lib/python3.10/site-packages:${PYTHONPATH} /usr/bin/python3 -W ignore:setup.py install is deprecated -W ignore:easy_install command is deprecated setup.py egg_info --egg-base ../../build/f1tenth_gym_ros build --build-base /f1tenth_splatnav/ros2_ws/build/f1tenth_gym_ros/build install --record /f1tenth_splatnav/ros2_ws/build/f1tenth_gym_ros/install.log --single-version-externally-managed install_data
