[0.524s] Invoking command in '/f1tenth_splatnav/ros2_ws/src/final_project': PYTHONPATH=/f1tenth_splatnav/ros2_ws/build/final_project/prefix_override:/usr/lib/python3/dist-packages/colcon_core/task/python/colcon_distutils_commands:/f1tenth_splatnav/ros2_ws/install/final_project/lib/python3.10/site-packages:${PYTHONPATH} /usr/bin/python3 -W ignore:setup.py install is deprecated -W ignore:easy_install command is deprecated setup.py egg_info --egg-base ../../build/final_project build --build-base /f1tenth_splatnav/ros2_ws/build/final_project/build install --record /f1tenth_splatnav/ros2_ws/build/final_project/install.log --single-version-externally-managed install_data
[0.656s] running egg_info
[0.664s] writing ../../build/final_project/final_project.egg-info/PKG-INFO
[0.664s] writing dependency_links to ../../build/final_project/final_project.egg-info/dependency_links.txt
[0.664s] writing entry points to ../../build/final_project/final_project.egg-info/entry_points.txt
[0.664s] writing requirements to ../../build/final_project/final_project.egg-info/requires.txt
[0.664s] writing top-level names to ../../build/final_project/final_project.egg-info/top_level.txt
[0.679s] reading manifest file '../../build/final_project/final_project.egg-info/SOURCES.txt'
[0.680s] writing manifest file '../../build/final_project/final_project.egg-info/SOURCES.txt'
[0.680s] running build
[0.680s] running build_py
[0.680s] copying scripts/publish_pcl.py -> /f1tenth_splatnav/ros2_ws/build/final_project/build/lib
[0.680s] running install
[0.682s] running install_lib
[0.690s] running install_data
[0.690s] copying resource/final_project -> /f1tenth_splatnav/ros2_ws/install/final_project/share/ament_index/resource_index/packages
[0.690s] copying package.xml -> /f1tenth_splatnav/ros2_ws/install/final_project/share/final_project
[0.690s] running install_egg_info
[0.699s] removing '/f1tenth_splatnav/ros2_ws/install/final_project/lib/python3.10/site-packages/final_project-0.0.0-py3.10.egg-info' (and everything under it)
[0.699s] Copying ../../build/final_project/final_project.egg-info to /f1tenth_splatnav/ros2_ws/install/final_project/lib/python3.10/site-packages/final_project-0.0.0-py3.10.egg-info
[0.699s] running install_scripts
[0.765s] Installing publish_pcl script to /f1tenth_splatnav/ros2_ws/install/final_project/lib/final_project
[0.765s] writing list of installed files to '/f1tenth_splatnav/ros2_ws/build/final_project/install.log'
[0.781s] Invoked command in '/f1tenth_splatnav/ros2_ws/src/final_project' returned '0': PYTHONPATH=/f1tenth_splatnav/ros2_ws/build/final_project/prefix_override:/usr/lib/python3/dist-packages/colcon_core/task/python/colcon_distutils_commands:/f1tenth_splatnav/ros2_ws/install/final_project/lib/python3.10/site-packages:${PYTHONPATH} /usr/bin/python3 -W ignore:setup.py install is deprecated -W ignore:easy_install command is deprecated setup.py egg_info --egg-base ../../build/final_project build --build-base /f1tenth_splatnav/ros2_ws/build/final_project/build install --record /f1tenth_splatnav/ros2_ws/build/final_project/install.log --single-version-externally-managed install_data
