/f1tenth_splatnav/ros2_ws/install/f1tenth_gym_ros/lib/python3.10/site-packages/f1tenth_gym_ros/gym_bridge.py
/f1tenth_splatnav/ros2_ws/install/f1tenth_gym_ros/lib/python3.10/site-packages/f1tenth_gym_ros/__init__.py
/f1tenth_splatnav/ros2_ws/install/f1tenth_gym_ros/lib/python3.10/site-packages/f1tenth_gym_ros/__pycache__/gym_bridge.cpython-310.pyc
/f1tenth_splatnav/ros2_ws/install/f1tenth_gym_ros/lib/python3.10/site-packages/f1tenth_gym_ros/__pycache__/__init__.cpython-310.pyc
/f1tenth_splatnav/ros2_ws/install/f1tenth_gym_ros/share/ament_index/resource_index/packages/f1tenth_gym_ros
/f1tenth_splatnav/ros2_ws/install/f1tenth_gym_ros/share/f1tenth_gym_ros/package.xml
/f1tenth_splatnav/ros2_ws/install/f1tenth_gym_ros/share/f1tenth_gym_ros/launch/gym_bridge_launch.py
/f1tenth_splatnav/ros2_ws/install/f1tenth_gym_ros/share/f1tenth_gym_ros/launch/opp_racecar.xacro
/f1tenth_splatnav/ros2_ws/install/f1tenth_gym_ros/share/f1tenth_gym_ros/launch/ego_racecar_fullscale.xacro
/f1tenth_splatnav/ros2_ws/install/f1tenth_gym_ros/share/f1tenth_gym_ros/launch/ego_racecar.xacro
/f1tenth_splatnav/ros2_ws/install/f1tenth_gym_ros/share/f1tenth_gym_ros/launch/ego_racecar_f1fifth.xacro
/f1tenth_splatnav/ros2_ws/install/f1tenth_gym_ros/share/f1tenth_gym_ros/launch/gym_bridge.rviz
/f1tenth_splatnav/ros2_ws/install/f1tenth_gym_ros/share/f1tenth_gym_ros/config/sim.yaml
/f1tenth_splatnav/ros2_ws/install/f1tenth_gym_ros/lib/python3.10/site-packages/f1tenth_gym_ros-0.0.0-py3.10.egg-info/SOURCES.txt
/f1tenth_splatnav/ros2_ws/install/f1tenth_gym_ros/lib/python3.10/site-packages/f1tenth_gym_ros-0.0.0-py3.10.egg-info/requires.txt
/f1tenth_splatnav/ros2_ws/install/f1tenth_gym_ros/lib/python3.10/site-packages/f1tenth_gym_ros-0.0.0-py3.10.egg-info/top_level.txt
/f1tenth_splatnav/ros2_ws/install/f1tenth_gym_ros/lib/python3.10/site-packages/f1tenth_gym_ros-0.0.0-py3.10.egg-info/entry_points.txt
/f1tenth_splatnav/ros2_ws/install/f1tenth_gym_ros/lib/python3.10/site-packages/f1tenth_gym_ros-0.0.0-py3.10.egg-info/zip-safe
/f1tenth_splatnav/ros2_ws/install/f1tenth_gym_ros/lib/python3.10/site-packages/f1tenth_gym_ros-0.0.0-py3.10.egg-info/PKG-INFO
/f1tenth_splatnav/ros2_ws/install/f1tenth_gym_ros/lib/python3.10/site-packages/f1tenth_gym_ros-0.0.0-py3.10.egg-info/dependency_links.txt
/f1tenth_splatnav/ros2_ws/install/f1tenth_gym_ros/lib/f1tenth_gym_ros/gym_bridge
