running egg_info
writing ../../build/final_project/final_project.egg-info/PKG-INFO
writing dependency_links to ../../build/final_project/final_project.egg-info/dependency_links.txt
writing entry points to ../../build/final_project/final_project.egg-info/entry_points.txt
writing requirements to ../../build/final_project/final_project.egg-info/requires.txt
writing top-level names to ../../build/final_project/final_project.egg-info/top_level.txt
reading manifest file '../../build/final_project/final_project.egg-info/SOURCES.txt'
writing manifest file '../../build/final_project/final_project.egg-info/SOURCES.txt'
running build
running build_py
copying scripts/publish_pcl.py -> /f1tenth_splatnav/ros2_ws/build/final_project/build/lib
running install
running install_lib
running install_data
copying resource/final_project -> /f1tenth_splatnav/ros2_ws/install/final_project/share/ament_index/resource_index/packages
copying package.xml -> /f1tenth_splatnav/ros2_ws/install/final_project/share/final_project
running install_egg_info
removing '/f1tenth_splatnav/ros2_ws/install/final_project/lib/python3.10/site-packages/final_project-0.0.0-py3.10.egg-info' (and everything under it)
Copying ../../build/final_project/final_project.egg-info to /f1tenth_splatnav/ros2_ws/install/final_project/lib/python3.10/site-packages/final_project-0.0.0-py3.10.egg-info
running install_scripts
Installing publish_pcl script to /f1tenth_splatnav/ros2_ws/install/final_project/lib/final_project
writing list of installed files to '/f1tenth_splatnav/ros2_ws/build/final_project/install.log'
